[27-Jul-2017 00:56:35 UTC] PHP Warning:  Missing argument 1 for EasyTimetableViewCreate::__construct(), called in /home/ubuntu/workspace/wp-content/plugins/easytimetable-responsive-schedule-management-system/admin/controller/EasyTimetableControllerCreate.php on line 44 and defined in /home/ubuntu/workspace/wp-content/plugins/easytimetable-responsive-schedule-management-system/admin/views/EasyTimetableViewCreate.php on line 17
[27-Jul-2017 00:56:35 UTC] PHP Stack trace:
[27-Jul-2017 00:56:35 UTC] PHP   1. {main}() /home/ubuntu/workspace/wp-admin/admin-ajax.php:0
[27-Jul-2017 00:56:35 UTC] PHP   2. do_action() /home/ubuntu/workspace/wp-admin/admin-ajax.php:91
[27-Jul-2017 00:56:35 UTC] PHP   3. WP_Hook->do_action() /home/ubuntu/workspace/wp-includes/plugin.php:453
[27-Jul-2017 00:56:35 UTC] PHP   4. WP_Hook->apply_filters() /home/ubuntu/workspace/wp-includes/class-wp-hook.php:323
[27-Jul-2017 00:56:35 UTC] PHP   5. call_user_func_array:{/home/ubuntu/workspace/wp-includes/class-wp-hook.php:298}() /home/ubuntu/workspace/wp-includes/class-wp-hook.php:298
[27-Jul-2017 00:56:35 UTC] PHP   6. syet_save_planning() /home/ubuntu/workspace/wp-includes/class-wp-hook.php:298
[27-Jul-2017 00:56:35 UTC] PHP   7. Easy_Timetable_Admin::syet_saveTimetable() /home/ubuntu/workspace/wp-content/plugins/easytimetable-responsive-schedule-management-system/easy-timetable.php:279
[27-Jul-2017 00:56:35 UTC] PHP   8. EasyTimetableControllerCreate::syet_saveTimetable() /home/ubuntu/workspace/wp-content/plugins/easytimetable-responsive-schedule-management-system/admin/class-easy-timetable-admin.php:86
[27-Jul-2017 00:56:35 UTC] PHP   9. EasyTimetableViewCreate->__construct() /home/ubuntu/workspace/wp-content/plugins/easytimetable-responsive-schedule-management-system/admin/controller/EasyTimetableControllerCreate.php:44
[27-Jul-2017 00:58:44 UTC] PHP Warning:  Missing argument 1 for EasyTimetableViewCreate::__construct(), called in /home/ubuntu/workspace/wp-content/plugins/easytimetable-responsive-schedule-management-system/admin/controller/EasyTimetableControllerCreate.php on line 44 and defined in /home/ubuntu/workspace/wp-content/plugins/easytimetable-responsive-schedule-management-system/admin/views/EasyTimetableViewCreate.php on line 17
[27-Jul-2017 00:58:44 UTC] PHP Stack trace:
[27-Jul-2017 00:58:44 UTC] PHP   1. {main}() /home/ubuntu/workspace/wp-admin/admin-ajax.php:0
[27-Jul-2017 00:58:44 UTC] PHP   2. do_action() /home/ubuntu/workspace/wp-admin/admin-ajax.php:91
[27-Jul-2017 00:58:44 UTC] PHP   3. WP_Hook->do_action() /home/ubuntu/workspace/wp-includes/plugin.php:453
[27-Jul-2017 00:58:44 UTC] PHP   4. WP_Hook->apply_filters() /home/ubuntu/workspace/wp-includes/class-wp-hook.php:323
[27-Jul-2017 00:58:44 UTC] PHP   5. call_user_func_array:{/home/ubuntu/workspace/wp-includes/class-wp-hook.php:298}() /home/ubuntu/workspace/wp-includes/class-wp-hook.php:298
[27-Jul-2017 00:58:44 UTC] PHP   6. syet_save_planning() /home/ubuntu/workspace/wp-includes/class-wp-hook.php:298
[27-Jul-2017 00:58:44 UTC] PHP   7. Easy_Timetable_Admin::syet_saveTimetable() /home/ubuntu/workspace/wp-content/plugins/easytimetable-responsive-schedule-management-system/easy-timetable.php:279
[27-Jul-2017 00:58:44 UTC] PHP   8. EasyTimetableControllerCreate::syet_saveTimetable() /home/ubuntu/workspace/wp-content/plugins/easytimetable-responsive-schedule-management-system/admin/class-easy-timetable-admin.php:86
[27-Jul-2017 00:58:44 UTC] PHP   9. EasyTimetableViewCreate->__construct() /home/ubuntu/workspace/wp-content/plugins/easytimetable-responsive-schedule-management-system/admin/controller/EasyTimetableControllerCreate.php:44
[27-Jul-2017 00:58:45 UTC] PHP Warning:  Missing argument 1 for EasyTimetableViewCreate::__construct(), called in /home/ubuntu/workspace/wp-content/plugins/easytimetable-responsive-schedule-management-system/admin/controller/EasyTimetableControllerCreate.php on line 44 and defined in /home/ubuntu/workspace/wp-content/plugins/easytimetable-responsive-schedule-management-system/admin/views/EasyTimetableViewCreate.php on line 17
[27-Jul-2017 00:58:45 UTC] PHP Stack trace:
[27-Jul-2017 00:58:45 UTC] PHP   1. {main}() /home/ubuntu/workspace/wp-admin/admin-ajax.php:0
[27-Jul-2017 00:58:45 UTC] PHP   2. do_action() /home/ubuntu/workspace/wp-admin/admin-ajax.php:91
[27-Jul-2017 00:58:45 UTC] PHP   3. WP_Hook->do_action() /home/ubuntu/workspace/wp-includes/plugin.php:453
[27-Jul-2017 00:58:45 UTC] PHP   4. WP_Hook->apply_filters() /home/ubuntu/workspace/wp-includes/class-wp-hook.php:323
[27-Jul-2017 00:58:45 UTC] PHP   5. call_user_func_array:{/home/ubuntu/workspace/wp-includes/class-wp-hook.php:298}() /home/ubuntu/workspace/wp-includes/class-wp-hook.php:298
[27-Jul-2017 00:58:45 UTC] PHP   6. syet_save_planning() /home/ubuntu/workspace/wp-includes/class-wp-hook.php:298
[27-Jul-2017 00:58:45 UTC] PHP   7. Easy_Timetable_Admin::syet_saveTimetable() /home/ubuntu/workspace/wp-content/plugins/easytimetable-responsive-schedule-management-system/easy-timetable.php:279
[27-Jul-2017 00:58:45 UTC] PHP   8. EasyTimetableControllerCreate::syet_saveTimetable() /home/ubuntu/workspace/wp-content/plugins/easytimetable-responsive-schedule-management-system/admin/class-easy-timetable-admin.php:86
[27-Jul-2017 00:58:45 UTC] PHP   9. EasyTimetableViewCreate->__construct() /home/ubuntu/workspace/wp-content/plugins/easytimetable-responsive-schedule-management-system/admin/controller/EasyTimetableControllerCreate.php:44
[27-Jul-2017 01:01:47 UTC] PHP Warning:  Missing argument 1 for EasyTimetableViewCreate::__construct(), called in /home/ubuntu/workspace/wp-content/plugins/easytimetable-responsive-schedule-management-system/admin/controller/EasyTimetableControllerCreate.php on line 44 and defined in /home/ubuntu/workspace/wp-content/plugins/easytimetable-responsive-schedule-management-system/admin/views/EasyTimetableViewCreate.php on line 17
[27-Jul-2017 01:01:47 UTC] PHP Stack trace:
[27-Jul-2017 01:01:47 UTC] PHP   1. {main}() /home/ubuntu/workspace/wp-admin/admin-ajax.php:0
[27-Jul-2017 01:01:47 UTC] PHP   2. do_action() /home/ubuntu/workspace/wp-admin/admin-ajax.php:91
[27-Jul-2017 01:01:47 UTC] PHP   3. WP_Hook->do_action() /home/ubuntu/workspace/wp-includes/plugin.php:453
[27-Jul-2017 01:01:47 UTC] PHP   4. WP_Hook->apply_filters() /home/ubuntu/workspace/wp-includes/class-wp-hook.php:323
[27-Jul-2017 01:01:47 UTC] PHP   5. call_user_func_array:{/home/ubuntu/workspace/wp-includes/class-wp-hook.php:298}() /home/ubuntu/workspace/wp-includes/class-wp-hook.php:298
[27-Jul-2017 01:01:47 UTC] PHP   6. syet_save_planning() /home/ubuntu/workspace/wp-includes/class-wp-hook.php:298
[27-Jul-2017 01:01:47 UTC] PHP   7. Easy_Timetable_Admin::syet_saveTimetable() /home/ubuntu/workspace/wp-content/plugins/easytimetable-responsive-schedule-management-system/easy-timetable.php:279
[27-Jul-2017 01:01:47 UTC] PHP   8. EasyTimetableControllerCreate::syet_saveTimetable() /home/ubuntu/workspace/wp-content/plugins/easytimetable-responsive-schedule-management-system/admin/class-easy-timetable-admin.php:86
[27-Jul-2017 01:01:47 UTC] PHP   9. EasyTimetableViewCreate->__construct() /home/ubuntu/workspace/wp-content/plugins/easytimetable-responsive-schedule-management-system/admin/controller/EasyTimetableControllerCreate.php:44
[27-Jul-2017 01:41:39 UTC] PHP Warning:  Missing argument 1 for EasyTimetableViewCreate::__construct(), called in /home/ubuntu/workspace/wp-content/plugins/easytimetable-responsive-schedule-management-system/admin/controller/EasyTimetableControllerCreate.php on line 44 and defined in /home/ubuntu/workspace/wp-content/plugins/easytimetable-responsive-schedule-management-system/admin/views/EasyTimetableViewCreate.php on line 17
[27-Jul-2017 01:41:39 UTC] PHP Stack trace:
[27-Jul-2017 01:41:39 UTC] PHP   1. {main}() /home/ubuntu/workspace/wp-admin/admin-ajax.php:0
[27-Jul-2017 01:41:39 UTC] PHP   2. do_action() /home/ubuntu/workspace/wp-admin/admin-ajax.php:91
[27-Jul-2017 01:41:39 UTC] PHP   3. WP_Hook->do_action() /home/ubuntu/workspace/wp-includes/plugin.php:453
[27-Jul-2017 01:41:39 UTC] PHP   4. WP_Hook->apply_filters() /home/ubuntu/workspace/wp-includes/class-wp-hook.php:323
[27-Jul-2017 01:41:39 UTC] PHP   5. call_user_func_array:{/home/ubuntu/workspace/wp-includes/class-wp-hook.php:298}() /home/ubuntu/workspace/wp-includes/class-wp-hook.php:298
[27-Jul-2017 01:41:39 UTC] PHP   6. syet_save_planning() /home/ubuntu/workspace/wp-includes/class-wp-hook.php:298
[27-Jul-2017 01:41:39 UTC] PHP   7. Easy_Timetable_Admin::syet_saveTimetable() /home/ubuntu/workspace/wp-content/plugins/easytimetable-responsive-schedule-management-system/easy-timetable.php:279
[27-Jul-2017 01:41:39 UTC] PHP   8. EasyTimetableControllerCreate::syet_saveTimetable() /home/ubuntu/workspace/wp-content/plugins/easytimetable-responsive-schedule-management-system/admin/class-easy-timetable-admin.php:86
[27-Jul-2017 01:41:39 UTC] PHP   9. EasyTimetableViewCreate->__construct() /home/ubuntu/workspace/wp-content/plugins/easytimetable-responsive-schedule-management-system/admin/controller/EasyTimetableControllerCreate.php:44
[27-Jul-2017 01:42:17 UTC] PHP Warning:  Missing argument 1 for EasyTimetableViewCreate::__construct(), called in /home/ubuntu/workspace/wp-content/plugins/easytimetable-responsive-schedule-management-system/admin/controller/EasyTimetableControllerCreate.php on line 44 and defined in /home/ubuntu/workspace/wp-content/plugins/easytimetable-responsive-schedule-management-system/admin/views/EasyTimetableViewCreate.php on line 17
[27-Jul-2017 01:42:17 UTC] PHP Stack trace:
[27-Jul-2017 01:42:17 UTC] PHP   1. {main}() /home/ubuntu/workspace/wp-admin/admin-ajax.php:0
[27-Jul-2017 01:42:17 UTC] PHP   2. do_action() /home/ubuntu/workspace/wp-admin/admin-ajax.php:91
[27-Jul-2017 01:42:17 UTC] PHP   3. WP_Hook->do_action() /home/ubuntu/workspace/wp-includes/plugin.php:453
[27-Jul-2017 01:42:17 UTC] PHP   4. WP_Hook->apply_filters() /home/ubuntu/workspace/wp-includes/class-wp-hook.php:323
[27-Jul-2017 01:42:17 UTC] PHP   5. call_user_func_array:{/home/ubuntu/workspace/wp-includes/class-wp-hook.php:298}() /home/ubuntu/workspace/wp-includes/class-wp-hook.php:298
[27-Jul-2017 01:42:17 UTC] PHP   6. syet_save_planning() /home/ubuntu/workspace/wp-includes/class-wp-hook.php:298
[27-Jul-2017 01:42:17 UTC] PHP   7. Easy_Timetable_Admin::syet_saveTimetable() /home/ubuntu/workspace/wp-content/plugins/easytimetable-responsive-schedule-management-system/easy-timetable.php:279
[27-Jul-2017 01:42:17 UTC] PHP   8. EasyTimetableControllerCreate::syet_saveTimetable() /home/ubuntu/workspace/wp-content/plugins/easytimetable-responsive-schedule-management-system/admin/class-easy-timetable-admin.php:86
[27-Jul-2017 01:42:17 UTC] PHP   9. EasyTimetableViewCreate->__construct() /home/ubuntu/workspace/wp-content/plugins/easytimetable-responsive-schedule-management-system/admin/controller/EasyTimetableControllerCreate.php:44
[27-Jul-2017 01:42:42 UTC] PHP Warning:  Missing argument 1 for EasyTimetableViewCreate::__construct(), called in /home/ubuntu/workspace/wp-content/plugins/easytimetable-responsive-schedule-management-system/admin/controller/EasyTimetableControllerCreate.php on line 44 and defined in /home/ubuntu/workspace/wp-content/plugins/easytimetable-responsive-schedule-management-system/admin/views/EasyTimetableViewCreate.php on line 17
[27-Jul-2017 01:42:42 UTC] PHP Stack trace:
[27-Jul-2017 01:42:42 UTC] PHP   1. {main}() /home/ubuntu/workspace/wp-admin/admin-ajax.php:0
[27-Jul-2017 01:42:42 UTC] PHP   2. do_action() /home/ubuntu/workspace/wp-admin/admin-ajax.php:91
[27-Jul-2017 01:42:42 UTC] PHP   3. WP_Hook->do_action() /home/ubuntu/workspace/wp-includes/plugin.php:453
[27-Jul-2017 01:42:42 UTC] PHP   4. WP_Hook->apply_filters() /home/ubuntu/workspace/wp-includes/class-wp-hook.php:323
[27-Jul-2017 01:42:42 UTC] PHP   5. call_user_func_array:{/home/ubuntu/workspace/wp-includes/class-wp-hook.php:298}() /home/ubuntu/workspace/wp-includes/class-wp-hook.php:298
[27-Jul-2017 01:42:42 UTC] PHP   6. syet_save_planning() /home/ubuntu/workspace/wp-includes/class-wp-hook.php:298
[27-Jul-2017 01:42:42 UTC] PHP   7. Easy_Timetable_Admin::syet_saveTimetable() /home/ubuntu/workspace/wp-content/plugins/easytimetable-responsive-schedule-management-system/easy-timetable.php:279
[27-Jul-2017 01:42:42 UTC] PHP   8. EasyTimetableControllerCreate::syet_saveTimetable() /home/ubuntu/workspace/wp-content/plugins/easytimetable-responsive-schedule-management-system/admin/class-easy-timetable-admin.php:86
[27-Jul-2017 01:42:42 UTC] PHP   9. EasyTimetableViewCreate->__construct() /home/ubuntu/workspace/wp-content/plugins/easytimetable-responsive-schedule-management-system/admin/controller/EasyTimetableControllerCreate.php:44
[27-Jul-2017 01:53:06 UTC] PHP Warning:  Missing argument 1 for EasyTimetableViewCreate::__construct(), called in /home/ubuntu/workspace/wp-content/plugins/easytimetable-responsive-schedule-management-system/admin/controller/EasyTimetableControllerCreate.php on line 44 and defined in /home/ubuntu/workspace/wp-content/plugins/easytimetable-responsive-schedule-management-system/admin/views/EasyTimetableViewCreate.php on line 17
[27-Jul-2017 01:53:06 UTC] PHP Stack trace:
[27-Jul-2017 01:53:06 UTC] PHP   1. {main}() /home/ubuntu/workspace/wp-admin/admin-ajax.php:0
[27-Jul-2017 01:53:06 UTC] PHP   2. do_action() /home/ubuntu/workspace/wp-admin/admin-ajax.php:91
[27-Jul-2017 01:53:06 UTC] PHP   3. WP_Hook->do_action() /home/ubuntu/workspace/wp-includes/plugin.php:453
[27-Jul-2017 01:53:06 UTC] PHP   4. WP_Hook->apply_filters() /home/ubuntu/workspace/wp-includes/class-wp-hook.php:323
[27-Jul-2017 01:53:06 UTC] PHP   5. call_user_func_array:{/home/ubuntu/workspace/wp-includes/class-wp-hook.php:298}() /home/ubuntu/workspace/wp-includes/class-wp-hook.php:298
[27-Jul-2017 01:53:06 UTC] PHP   6. syet_save_planning() /home/ubuntu/workspace/wp-includes/class-wp-hook.php:298
[27-Jul-2017 01:53:06 UTC] PHP   7. Easy_Timetable_Admin::syet_saveTimetable() /home/ubuntu/workspace/wp-content/plugins/easytimetable-responsive-schedule-management-system/easy-timetable.php:279
[27-Jul-2017 01:53:06 UTC] PHP   8. EasyTimetableControllerCreate::syet_saveTimetable() /home/ubuntu/workspace/wp-content/plugins/easytimetable-responsive-schedule-management-system/admin/class-easy-timetable-admin.php:86
[27-Jul-2017 01:53:06 UTC] PHP   9. EasyTimetableViewCreate->__construct() /home/ubuntu/workspace/wp-content/plugins/easytimetable-responsive-schedule-management-system/admin/controller/EasyTimetableControllerCreate.php:44
[27-Jul-2017 03:27:12 UTC] PHP Warning:  Invalid argument supplied for foreach() in /home/ubuntu/workspace/wp-content/plugins/profilegrid-user-profiles-groups-and-communities/includes/class-profile-magic-request.php on line 1574
[27-Jul-2017 03:27:12 UTC] PHP Stack trace:
[27-Jul-2017 03:27:12 UTC] PHP   1. {main}() /home/ubuntu/workspace/wp-admin/admin-ajax.php:0
[27-Jul-2017 03:27:12 UTC] PHP   2. do_action() /home/ubuntu/workspace/wp-admin/admin-ajax.php:91
[27-Jul-2017 03:27:12 UTC] PHP   3. WP_Hook->do_action() /home/ubuntu/workspace/wp-includes/plugin.php:453
[27-Jul-2017 03:27:12 UTC] PHP   4. WP_Hook->apply_filters() /home/ubuntu/workspace/wp-includes/class-wp-hook.php:323
[27-Jul-2017 03:27:12 UTC] PHP   5. call_user_func_array:{/home/ubuntu/workspace/wp-includes/class-wp-hook.php:298}() /home/ubuntu/workspace/wp-includes/class-wp-hook.php:298
[27-Jul-2017 03:27:12 UTC] PHP   6. Profile_Magic_Public->pm_messenger_notification_extra_data() /home/ubuntu/workspace/wp-includes/class-wp-hook.php:298
[27-Jul-2017 03:27:12 UTC] PHP   7. PM_Messenger->pm_messenger_notification_extra_data() /home/ubuntu/workspace/wp-content/plugins/profilegrid-user-profiles-groups-and-communities/public/class-profile-magic-public.php:714
[27-Jul-2017 03:27:12 UTC] PHP   8. PM_request->pm_filter_deleted_threads() /home/ubuntu/workspace/wp-content/plugins/profilegrid-user-profiles-groups-and-communities/includes/class-profile-magic-messenger.php:287
[27-Jul-2017 03:28:13 UTC] Erro de banco de dados do WordPress You have an error in your SQL syntax; check the manual that corresponds to your MySQL server version for the right syntax to use near 'and status=2 ORDER BY `id` DESC' at line 1 para a consulta SELECT user1,user2 FROM `wp_promag_friends` WHERE `user1` = 0 AND `status` = 2 or user2= and status=2 ORDER BY `id` DESC feita por do_action('wp_ajax_pm_fetch_my_friends'), WP_Hook->do_action, WP_Hook->apply_filters, call_user_func_array, Profile_Magic_Public->pm_fetch_my_friends, PM_HTML_Creator->pm_get_my_friends_html, PM_Friends_Functions->profile_magic_my_friends, PM_DBhandler->get_all_result
[27-Jul-2017 03:28:14 UTC] Erro de banco de dados do WordPress You have an error in your SQL syntax; check the manual that corresponds to your MySQL server version for the right syntax to use near 'and status=2 ORDER BY `id` DESC' at line 1 para a consulta SELECT user1,user2 FROM `wp_promag_friends` WHERE `user1` = 0 AND `status` = 2 or user2= and status=2 ORDER BY `id` DESC feita por do_action('wp_ajax_pm_fetch_friend_list_counter'), WP_Hook->do_action, WP_Hook->apply_filters, call_user_func_array, Profile_Magic_Public->pm_fetch_friend_list_counter, PM_Friends_Functions->pm_count_my_friends, PM_Friends_Functions->profile_magic_my_friends, PM_DBhandler->get_all_result
[27-Jul-2017 03:29:06 UTC] PHP Warning:  Invalid argument supplied for foreach() in /home/ubuntu/workspace/wp-content/plugins/profilegrid-user-profiles-groups-and-communities/admin/partials/add-group.php on line 426
[27-Jul-2017 03:29:06 UTC] PHP Stack trace:
[27-Jul-2017 03:29:06 UTC] PHP   1. {main}() /home/ubuntu/workspace/wp-admin/admin.php:0
[27-Jul-2017 03:29:06 UTC] PHP   2. do_action() /home/ubuntu/workspace/wp-admin/admin.php:222
[27-Jul-2017 03:29:06 UTC] PHP   3. WP_Hook->do_action() /home/ubuntu/workspace/wp-includes/plugin.php:453
[27-Jul-2017 03:29:06 UTC] PHP   4. WP_Hook->apply_filters() /home/ubuntu/workspace/wp-includes/class-wp-hook.php:323
[27-Jul-2017 03:29:06 UTC] PHP   5. call_user_func_array:{/home/ubuntu/workspace/wp-includes/class-wp-hook.php:298}() /home/ubuntu/workspace/wp-includes/class-wp-hook.php:298
[27-Jul-2017 03:29:06 UTC] PHP   6. Profile_Magic_Admin->pm_add_group() /home/ubuntu/workspace/wp-includes/class-wp-hook.php:298
[27-Jul-2017 03:29:06 UTC] PHP   7. include() /home/ubuntu/workspace/wp-content/plugins/profilegrid-user-profiles-groups-and-communities/admin/class-profile-magic-admin.php:279
[27-Jul-2017 03:29:06 UTC] PHP Warning:  Invalid argument supplied for foreach() in /home/ubuntu/workspace/wp-content/plugins/profilegrid-user-profiles-groups-and-communities/admin/partials/add-group.php on line 445
[27-Jul-2017 03:29:06 UTC] PHP Stack trace:
[27-Jul-2017 03:29:06 UTC] PHP   1. {main}() /home/ubuntu/workspace/wp-admin/admin.php:0
[27-Jul-2017 03:29:06 UTC] PHP   2. do_action() /home/ubuntu/workspace/wp-admin/admin.php:222
[27-Jul-2017 03:29:06 UTC] PHP   3. WP_Hook->do_action() /home/ubuntu/workspace/wp-includes/plugin.php:453
[27-Jul-2017 03:29:06 UTC] PHP   4. WP_Hook->apply_filters() /home/ubuntu/workspace/wp-includes/class-wp-hook.php:323
[27-Jul-2017 03:29:06 UTC] PHP   5. call_user_func_array:{/home/ubuntu/workspace/wp-includes/class-wp-hook.php:298}() /home/ubuntu/workspace/wp-includes/class-wp-hook.php:298
[27-Jul-2017 03:29:06 UTC] PHP   6. Profile_Magic_Admin->pm_add_group() /home/ubuntu/workspace/wp-includes/class-wp-hook.php:298
[27-Jul-2017 03:29:06 UTC] PHP   7. include() /home/ubuntu/workspace/wp-content/plugins/profilegrid-user-profiles-groups-and-communities/admin/class-profile-magic-admin.php:279
[27-Jul-2017 03:29:06 UTC] PHP Warning:  Invalid argument supplied for foreach() in /home/ubuntu/workspace/wp-content/plugins/profilegrid-user-profiles-groups-and-communities/admin/partials/add-group.php on line 464
[27-Jul-2017 03:29:06 UTC] PHP Stack trace:
[27-Jul-2017 03:29:06 UTC] PHP   1. {main}() /home/ubuntu/workspace/wp-admin/admin.php:0
[27-Jul-2017 03:29:06 UTC] PHP   2. do_action() /home/ubuntu/workspace/wp-admin/admin.php:222
[27-Jul-2017 03:29:06 UTC] PHP   3. WP_Hook->do_action() /home/ubuntu/workspace/wp-includes/plugin.php:453
[27-Jul-2017 03:29:06 UTC] PHP   4. WP_Hook->apply_filters() /home/ubuntu/workspace/wp-includes/class-wp-hook.php:323
[27-Jul-2017 03:29:06 UTC] PHP   5. call_user_func_array:{/home/ubuntu/workspace/wp-includes/class-wp-hook.php:298}() /home/ubuntu/workspace/wp-includes/class-wp-hook.php:298
[27-Jul-2017 03:29:06 UTC] PHP   6. Profile_Magic_Admin->pm_add_group() /home/ubuntu/workspace/wp-includes/class-wp-hook.php:298
[27-Jul-2017 03:29:06 UTC] PHP   7. include() /home/ubuntu/workspace/wp-content/plugins/profilegrid-user-profiles-groups-and-communities/admin/class-profile-magic-admin.php:279
[27-Jul-2017 03:29:06 UTC] PHP Warning:  Invalid argument supplied for foreach() in /home/ubuntu/workspace/wp-content/plugins/profilegrid-user-profiles-groups-and-communities/admin/partials/add-group.php on line 484
[27-Jul-2017 03:29:06 UTC] PHP Stack trace:
[27-Jul-2017 03:29:06 UTC] PHP   1. {main}() /home/ubuntu/workspace/wp-admin/admin.php:0
[27-Jul-2017 03:29:06 UTC] PHP   2. do_action() /home/ubuntu/workspace/wp-admin/admin.php:222
[27-Jul-2017 03:29:06 UTC] PHP   3. WP_Hook->do_action() /home/ubuntu/workspace/wp-includes/plugin.php:453
[27-Jul-2017 03:29:06 UTC] PHP   4. WP_Hook->apply_filters() /home/ubuntu/workspace/wp-includes/class-wp-hook.php:323
[27-Jul-2017 03:29:06 UTC] PHP   5. call_user_func_array:{/home/ubuntu/workspace/wp-includes/class-wp-hook.php:298}() /home/ubuntu/workspace/wp-includes/class-wp-hook.php:298
[27-Jul-2017 03:29:06 UTC] PHP   6. Profile_Magic_Admin->pm_add_group() /home/ubuntu/workspace/wp-includes/class-wp-hook.php:298
[27-Jul-2017 03:29:06 UTC] PHP   7. include() /home/ubuntu/workspace/wp-content/plugins/profilegrid-user-profiles-groups-and-communities/admin/class-profile-magic-admin.php:279
[27-Jul-2017 03:30:14 UTC] Erro de banco de dados do WordPress You have an error in your SQL syntax; check the manual that corresponds to your MySQL server version for the right syntax to use near 'and status=2 ORDER BY `id` DESC' at line 1 para a consulta SELECT user1,user2 FROM `wp_promag_friends` WHERE `user1` = 0 AND `status` = 2 or user2= and status=2 ORDER BY `id` DESC feita por do_action('wp_ajax_pm_fetch_my_friends'), WP_Hook->do_action, WP_Hook->apply_filters, call_user_func_array, Profile_Magic_Public->pm_fetch_my_friends, PM_HTML_Creator->pm_get_my_friends_html, PM_Friends_Functions->profile_magic_my_friends, PM_DBhandler->get_all_result
[27-Jul-2017 03:30:15 UTC] Erro de banco de dados do WordPress You have an error in your SQL syntax; check the manual that corresponds to your MySQL server version for the right syntax to use near 'and status=2 ORDER BY `id` DESC' at line 1 para a consulta SELECT user1,user2 FROM `wp_promag_friends` WHERE `user1` = 0 AND `status` = 2 or user2= and status=2 ORDER BY `id` DESC feita por do_action('wp_ajax_pm_fetch_friend_list_counter'), WP_Hook->do_action, WP_Hook->apply_filters, call_user_func_array, Profile_Magic_Public->pm_fetch_friend_list_counter, PM_Friends_Functions->pm_count_my_friends, PM_Friends_Functions->profile_magic_my_friends, PM_DBhandler->get_all_result
[27-Jul-2017 03:30:35 UTC] PHP Warning:  Invalid argument supplied for foreach() in /home/ubuntu/workspace/wp-content/plugins/profilegrid-user-profiles-groups-and-communities/admin/partials/add-group.php on line 426
[27-Jul-2017 03:30:35 UTC] PHP Stack trace:
[27-Jul-2017 03:30:35 UTC] PHP   1. {main}() /home/ubuntu/workspace/wp-admin/admin.php:0
[27-Jul-2017 03:30:35 UTC] PHP   2. do_action() /home/ubuntu/workspace/wp-admin/admin.php:222
[27-Jul-2017 03:30:35 UTC] PHP   3. WP_Hook->do_action() /home/ubuntu/workspace/wp-includes/plugin.php:453
[27-Jul-2017 03:30:35 UTC] PHP   4. WP_Hook->apply_filters() /home/ubuntu/workspace/wp-includes/class-wp-hook.php:323
[27-Jul-2017 03:30:35 UTC] PHP   5. call_user_func_array:{/home/ubuntu/workspace/wp-includes/class-wp-hook.php:298}() /home/ubuntu/workspace/wp-includes/class-wp-hook.php:298
[27-Jul-2017 03:30:35 UTC] PHP   6. Profile_Magic_Admin->pm_add_group() /home/ubuntu/workspace/wp-includes/class-wp-hook.php:298
[27-Jul-2017 03:30:35 UTC] PHP   7. include() /home/ubuntu/workspace/wp-content/plugins/profilegrid-user-profiles-groups-and-communities/admin/class-profile-magic-admin.php:279
[27-Jul-2017 03:30:35 UTC] PHP Warning:  Invalid argument supplied for foreach() in /home/ubuntu/workspace/wp-content/plugins/profilegrid-user-profiles-groups-and-communities/admin/partials/add-group.php on line 445
[27-Jul-2017 03:30:35 UTC] PHP Stack trace:
[27-Jul-2017 03:30:35 UTC] PHP   1. {main}() /home/ubuntu/workspace/wp-admin/admin.php:0
[27-Jul-2017 03:30:35 UTC] PHP   2. do_action() /home/ubuntu/workspace/wp-admin/admin.php:222
[27-Jul-2017 03:30:35 UTC] PHP   3. WP_Hook->do_action() /home/ubuntu/workspace/wp-includes/plugin.php:453
[27-Jul-2017 03:30:35 UTC] PHP   4. WP_Hook->apply_filters() /home/ubuntu/workspace/wp-includes/class-wp-hook.php:323
[27-Jul-2017 03:30:35 UTC] PHP   5. call_user_func_array:{/home/ubuntu/workspace/wp-includes/class-wp-hook.php:298}() /home/ubuntu/workspace/wp-includes/class-wp-hook.php:298
[27-Jul-2017 03:30:35 UTC] PHP   6. Profile_Magic_Admin->pm_add_group() /home/ubuntu/workspace/wp-includes/class-wp-hook.php:298
[27-Jul-2017 03:30:35 UTC] PHP   7. include() /home/ubuntu/workspace/wp-content/plugins/profilegrid-user-profiles-groups-and-communities/admin/class-profile-magic-admin.php:279
[27-Jul-2017 03:30:35 UTC] PHP Warning:  Invalid argument supplied for foreach() in /home/ubuntu/workspace/wp-content/plugins/profilegrid-user-profiles-groups-and-communities/admin/partials/add-group.php on line 464
[27-Jul-2017 03:30:35 UTC] PHP Stack trace:
[27-Jul-2017 03:30:35 UTC] PHP   1. {main}() /home/ubuntu/workspace/wp-admin/admin.php:0
[27-Jul-2017 03:30:35 UTC] PHP   2. do_action() /home/ubuntu/workspace/wp-admin/admin.php:222
[27-Jul-2017 03:30:35 UTC] PHP   3. WP_Hook->do_action() /home/ubuntu/workspace/wp-includes/plugin.php:453
[27-Jul-2017 03:30:35 UTC] PHP   4. WP_Hook->apply_filters() /home/ubuntu/workspace/wp-includes/class-wp-hook.php:323
[27-Jul-2017 03:30:35 UTC] PHP   5. call_user_func_array:{/home/ubuntu/workspace/wp-includes/class-wp-hook.php:298}() /home/ubuntu/workspace/wp-includes/class-wp-hook.php:298
[27-Jul-2017 03:30:35 UTC] PHP   6. Profile_Magic_Admin->pm_add_group() /home/ubuntu/workspace/wp-includes/class-wp-hook.php:298
[27-Jul-2017 03:30:35 UTC] PHP   7. include() /home/ubuntu/workspace/wp-content/plugins/profilegrid-user-profiles-groups-and-communities/admin/class-profile-magic-admin.php:279
[27-Jul-2017 03:30:35 UTC] PHP Warning:  Invalid argument supplied for foreach() in /home/ubuntu/workspace/wp-content/plugins/profilegrid-user-profiles-groups-and-communities/admin/partials/add-group.php on line 484
[27-Jul-2017 03:30:35 UTC] PHP Stack trace:
[27-Jul-2017 03:30:35 UTC] PHP   1. {main}() /home/ubuntu/workspace/wp-admin/admin.php:0
[27-Jul-2017 03:30:35 UTC] PHP   2. do_action() /home/ubuntu/workspace/wp-admin/admin.php:222
[27-Jul-2017 03:30:35 UTC] PHP   3. WP_Hook->do_action() /home/ubuntu/workspace/wp-includes/plugin.php:453
[27-Jul-2017 03:30:35 UTC] PHP   4. WP_Hook->apply_filters() /home/ubuntu/workspace/wp-includes/class-wp-hook.php:323
[27-Jul-2017 03:30:35 UTC] PHP   5. call_user_func_array:{/home/ubuntu/workspace/wp-includes/class-wp-hook.php:298}() /home/ubuntu/workspace/wp-includes/class-wp-hook.php:298
[27-Jul-2017 03:30:35 UTC] PHP   6. Profile_Magic_Admin->pm_add_group() /home/ubuntu/workspace/wp-includes/class-wp-hook.php:298
[27-Jul-2017 03:30:35 UTC] PHP   7. include() /home/ubuntu/workspace/wp-content/plugins/profilegrid-user-profiles-groups-and-communities/admin/class-profile-magic-admin.php:279
[27-Jul-2017 03:31:22 UTC] PHP Warning:  Invalid argument supplied for foreach() in /home/ubuntu/workspace/wp-content/plugins/profilegrid-user-profiles-groups-and-communities/admin/partials/add-group.php on line 426
[27-Jul-2017 03:31:22 UTC] PHP Stack trace:
[27-Jul-2017 03:31:22 UTC] PHP   1. {main}() /home/ubuntu/workspace/wp-admin/admin.php:0
[27-Jul-2017 03:31:22 UTC] PHP   2. do_action() /home/ubuntu/workspace/wp-admin/admin.php:222
[27-Jul-2017 03:31:22 UTC] PHP   3. WP_Hook->do_action() /home/ubuntu/workspace/wp-includes/plugin.php:453
[27-Jul-2017 03:31:22 UTC] PHP   4. WP_Hook->apply_filters() /home/ubuntu/workspace/wp-includes/class-wp-hook.php:323
[27-Jul-2017 03:31:22 UTC] PHP   5. call_user_func_array:{/home/ubuntu/workspace/wp-includes/class-wp-hook.php:298}() /home/ubuntu/workspace/wp-includes/class-wp-hook.php:298
[27-Jul-2017 03:31:22 UTC] PHP   6. Profile_Magic_Admin->pm_add_group() /home/ubuntu/workspace/wp-includes/class-wp-hook.php:298
[27-Jul-2017 03:31:22 UTC] PHP   7. include() /home/ubuntu/workspace/wp-content/plugins/profilegrid-user-profiles-groups-and-communities/admin/class-profile-magic-admin.php:279
[27-Jul-2017 03:31:22 UTC] PHP Warning:  Invalid argument supplied for foreach() in /home/ubuntu/workspace/wp-content/plugins/profilegrid-user-profiles-groups-and-communities/admin/partials/add-group.php on line 445
[27-Jul-2017 03:31:22 UTC] PHP Stack trace:
[27-Jul-2017 03:31:22 UTC] PHP   1. {main}() /home/ubuntu/workspace/wp-admin/admin.php:0
[27-Jul-2017 03:31:22 UTC] PHP   2. do_action() /home/ubuntu/workspace/wp-admin/admin.php:222
[27-Jul-2017 03:31:22 UTC] PHP   3. WP_Hook->do_action() /home/ubuntu/workspace/wp-includes/plugin.php:453
[27-Jul-2017 03:31:22 UTC] PHP   4. WP_Hook->apply_filters() /home/ubuntu/workspace/wp-includes/class-wp-hook.php:323
[27-Jul-2017 03:31:22 UTC] PHP   5. call_user_func_array:{/home/ubuntu/workspace/wp-includes/class-wp-hook.php:298}() /home/ubuntu/workspace/wp-includes/class-wp-hook.php:298
[27-Jul-2017 03:31:22 UTC] PHP   6. Profile_Magic_Admin->pm_add_group() /home/ubuntu/workspace/wp-includes/class-wp-hook.php:298
[27-Jul-2017 03:31:22 UTC] PHP   7. include() /home/ubuntu/workspace/wp-content/plugins/profilegrid-user-profiles-groups-and-communities/admin/class-profile-magic-admin.php:279
[27-Jul-2017 03:31:22 UTC] PHP Warning:  Invalid argument supplied for foreach() in /home/ubuntu/workspace/wp-content/plugins/profilegrid-user-profiles-groups-and-communities/admin/partials/add-group.php on line 464
[27-Jul-2017 03:31:22 UTC] PHP Stack trace:
[27-Jul-2017 03:31:22 UTC] PHP   1. {main}() /home/ubuntu/workspace/wp-admin/admin.php:0
[27-Jul-2017 03:31:22 UTC] PHP   2. do_action() /home/ubuntu/workspace/wp-admin/admin.php:222
[27-Jul-2017 03:31:22 UTC] PHP   3. WP_Hook->do_action() /home/ubuntu/workspace/wp-includes/plugin.php:453
[27-Jul-2017 03:31:22 UTC] PHP   4. WP_Hook->apply_filters() /home/ubuntu/workspace/wp-includes/class-wp-hook.php:323
[27-Jul-2017 03:31:22 UTC] PHP   5. call_user_func_array:{/home/ubuntu/workspace/wp-includes/class-wp-hook.php:298}() /home/ubuntu/workspace/wp-includes/class-wp-hook.php:298
[27-Jul-2017 03:31:22 UTC] PHP   6. Profile_Magic_Admin->pm_add_group() /home/ubuntu/workspace/wp-includes/class-wp-hook.php:298
[27-Jul-2017 03:31:22 UTC] PHP   7. include() /home/ubuntu/workspace/wp-content/plugins/profilegrid-user-profiles-groups-and-communities/admin/class-profile-magic-admin.php:279
[27-Jul-2017 03:31:22 UTC] PHP Warning:  Invalid argument supplied for foreach() in /home/ubuntu/workspace/wp-content/plugins/profilegrid-user-profiles-groups-and-communities/admin/partials/add-group.php on line 484
[27-Jul-2017 03:31:22 UTC] PHP Stack trace:
[27-Jul-2017 03:31:22 UTC] PHP   1. {main}() /home/ubuntu/workspace/wp-admin/admin.php:0
[27-Jul-2017 03:31:22 UTC] PHP   2. do_action() /home/ubuntu/workspace/wp-admin/admin.php:222
[27-Jul-2017 03:31:22 UTC] PHP   3. WP_Hook->do_action() /home/ubuntu/workspace/wp-includes/plugin.php:453
[27-Jul-2017 03:31:22 UTC] PHP   4. WP_Hook->apply_filters() /home/ubuntu/workspace/wp-includes/class-wp-hook.php:323
[27-Jul-2017 03:31:22 UTC] PHP   5. call_user_func_array:{/home/ubuntu/workspace/wp-includes/class-wp-hook.php:298}() /home/ubuntu/workspace/wp-includes/class-wp-hook.php:298
[27-Jul-2017 03:31:22 UTC] PHP   6. Profile_Magic_Admin->pm_add_group() /home/ubuntu/workspace/wp-includes/class-wp-hook.php:298
[27-Jul-2017 03:31:22 UTC] PHP   7. include() /home/ubuntu/workspace/wp-content/plugins/profilegrid-user-profiles-groups-and-communities/admin/class-profile-magic-admin.php:279
[27-Jul-2017 03:31:36 UTC] Erro de banco de dados do WordPress You have an error in your SQL syntax; check the manual that corresponds to your MySQL server version for the right syntax to use near 'and status=2 ORDER BY `id` DESC' at line 1 para a consulta SELECT user1,user2 FROM `wp_promag_friends` WHERE `user1` = 0 AND `status` = 2 or user2= and status=2 ORDER BY `id` DESC feita por do_action('wp_ajax_pm_fetch_my_friends'), WP_Hook->do_action, WP_Hook->apply_filters, call_user_func_array, Profile_Magic_Public->pm_fetch_my_friends, PM_HTML_Creator->pm_get_my_friends_html, PM_Friends_Functions->profile_magic_my_friends, PM_DBhandler->get_all_result
[27-Jul-2017 03:31:36 UTC] Erro de banco de dados do WordPress You have an error in your SQL syntax; check the manual that corresponds to your MySQL server version for the right syntax to use near 'and status=2 ORDER BY `id` DESC' at line 1 para a consulta SELECT user1,user2 FROM `wp_promag_friends` WHERE `user1` = 0 AND `status` = 2 or user2= and status=2 ORDER BY `id` DESC feita por do_action('wp_ajax_pm_fetch_friend_list_counter'), WP_Hook->do_action, WP_Hook->apply_filters, call_user_func_array, Profile_Magic_Public->pm_fetch_friend_list_counter, PM_Friends_Functions->pm_count_my_friends, PM_Friends_Functions->profile_magic_my_friends, PM_DBhandler->get_all_result
[27-Jul-2017 03:32:17 UTC] PHP Warning:  Invalid argument supplied for foreach() in /home/ubuntu/workspace/wp-content/plugins/profilegrid-user-profiles-groups-and-communities/includes/class-profile-magic-request.php on line 1574
[27-Jul-2017 03:32:17 UTC] PHP Stack trace:
[27-Jul-2017 03:32:17 UTC] PHP   1. {main}() /home/ubuntu/workspace/wp-admin/admin-ajax.php:0
[27-Jul-2017 03:32:17 UTC] PHP   2. do_action() /home/ubuntu/workspace/wp-admin/admin-ajax.php:91
[27-Jul-2017 03:32:17 UTC] PHP   3. WP_Hook->do_action() /home/ubuntu/workspace/wp-includes/plugin.php:453
[27-Jul-2017 03:32:17 UTC] PHP   4. WP_Hook->apply_filters() /home/ubuntu/workspace/wp-includes/class-wp-hook.php:323
[27-Jul-2017 03:32:17 UTC] PHP   5. call_user_func_array:{/home/ubuntu/workspace/wp-includes/class-wp-hook.php:298}() /home/ubuntu/workspace/wp-includes/class-wp-hook.php:298
[27-Jul-2017 03:32:17 UTC] PHP   6. Profile_Magic_Public->pm_messenger_notification_extra_data() /home/ubuntu/workspace/wp-includes/class-wp-hook.php:298
[27-Jul-2017 03:32:17 UTC] PHP   7. PM_Messenger->pm_messenger_notification_extra_data() /home/ubuntu/workspace/wp-content/plugins/profilegrid-user-profiles-groups-and-communities/public/class-profile-magic-public.php:714
[27-Jul-2017 03:32:17 UTC] PHP   8. PM_request->pm_filter_deleted_threads() /home/ubuntu/workspace/wp-content/plugins/profilegrid-user-profiles-groups-and-communities/includes/class-profile-magic-messenger.php:287
[27-Jul-2017 03:33:18 UTC] Erro de banco de dados do WordPress You have an error in your SQL syntax; check the manual that corresponds to your MySQL server version for the right syntax to use near 'and status=2 ORDER BY `id` DESC' at line 1 para a consulta SELECT user1,user2 FROM `wp_promag_friends` WHERE `user1` = 0 AND `status` = 2 or user2= and status=2 ORDER BY `id` DESC feita por do_action('wp_ajax_pm_fetch_my_friends'), WP_Hook->do_action, WP_Hook->apply_filters, call_user_func_array, Profile_Magic_Public->pm_fetch_my_friends, PM_HTML_Creator->pm_get_my_friends_html, PM_Friends_Functions->profile_magic_my_friends, PM_DBhandler->get_all_result
[27-Jul-2017 03:33:19 UTC] Erro de banco de dados do WordPress You have an error in your SQL syntax; check the manual that corresponds to your MySQL server version for the right syntax to use near 'and status=2 ORDER BY `id` DESC' at line 1 para a consulta SELECT user1,user2 FROM `wp_promag_friends` WHERE `user1` = 0 AND `status` = 2 or user2= and status=2 ORDER BY `id` DESC feita por do_action('wp_ajax_pm_fetch_friend_list_counter'), WP_Hook->do_action, WP_Hook->apply_filters, call_user_func_array, Profile_Magic_Public->pm_fetch_friend_list_counter, PM_Friends_Functions->pm_count_my_friends, PM_Friends_Functions->profile_magic_my_friends, PM_DBhandler->get_all_result
[27-Jul-2017 03:34:18 UTC] Erro de banco de dados do WordPress You have an error in your SQL syntax; check the manual that corresponds to your MySQL server version for the right syntax to use near 'and status=2 ORDER BY `id` DESC' at line 1 para a consulta SELECT user1,user2 FROM `wp_promag_friends` WHERE `user1` = 0 AND `status` = 2 or user2= and status=2 ORDER BY `id` DESC feita por do_action('wp_ajax_pm_fetch_my_friends'), WP_Hook->do_action, WP_Hook->apply_filters, call_user_func_array, Profile_Magic_Public->pm_fetch_my_friends, PM_HTML_Creator->pm_get_my_friends_html, PM_Friends_Functions->profile_magic_my_friends, PM_DBhandler->get_all_result
[27-Jul-2017 03:34:19 UTC] Erro de banco de dados do WordPress You have an error in your SQL syntax; check the manual that corresponds to your MySQL server version for the right syntax to use near 'and status=2 ORDER BY `id` DESC' at line 1 para a consulta SELECT user1,user2 FROM `wp_promag_friends` WHERE `user1` = 0 AND `status` = 2 or user2= and status=2 ORDER BY `id` DESC feita por do_action('wp_ajax_pm_fetch_friend_list_counter'), WP_Hook->do_action, WP_Hook->apply_filters, call_user_func_array, Profile_Magic_Public->pm_fetch_friend_list_counter, PM_Friends_Functions->pm_count_my_friends, PM_Friends_Functions->profile_magic_my_friends, PM_DBhandler->get_all_result
[27-Jul-2017 03:34:21 UTC] PHP Warning:  Invalid argument supplied for foreach() in /home/ubuntu/workspace/wp-content/plugins/profilegrid-user-profiles-groups-and-communities/includes/class-profile-magic-request.php on line 1574
[27-Jul-2017 03:34:21 UTC] PHP Stack trace:
[27-Jul-2017 03:34:21 UTC] PHP   1. {main}() /home/ubuntu/workspace/wp-admin/admin-ajax.php:0
[27-Jul-2017 03:34:21 UTC] PHP   2. do_action() /home/ubuntu/workspace/wp-admin/admin-ajax.php:91
[27-Jul-2017 03:34:21 UTC] PHP   3. WP_Hook->do_action() /home/ubuntu/workspace/wp-includes/plugin.php:453
[27-Jul-2017 03:34:21 UTC] PHP   4. WP_Hook->apply_filters() /home/ubuntu/workspace/wp-includes/class-wp-hook.php:323
[27-Jul-2017 03:34:21 UTC] PHP   5. call_user_func_array:{/home/ubuntu/workspace/wp-includes/class-wp-hook.php:298}() /home/ubuntu/workspace/wp-includes/class-wp-hook.php:298
[27-Jul-2017 03:34:21 UTC] PHP   6. Profile_Magic_Public->pm_messenger_notification_extra_data() /home/ubuntu/workspace/wp-includes/class-wp-hook.php:298
[27-Jul-2017 03:34:21 UTC] PHP   7. PM_Messenger->pm_messenger_notification_extra_data() /home/ubuntu/workspace/wp-content/plugins/profilegrid-user-profiles-groups-and-communities/public/class-profile-magic-public.php:714
[27-Jul-2017 03:34:21 UTC] PHP   8. PM_request->pm_filter_deleted_threads() /home/ubuntu/workspace/wp-content/plugins/profilegrid-user-profiles-groups-and-communities/includes/class-profile-magic-messenger.php:287
[27-Jul-2017 03:34:24 UTC] PHP Warning:  Invalid argument supplied for foreach() in /home/ubuntu/workspace/wp-content/plugins/profilegrid-user-profiles-groups-and-communities/includes/class-profile-magic-request.php on line 1574
[27-Jul-2017 03:34:24 UTC] PHP Stack trace:
[27-Jul-2017 03:34:24 UTC] PHP   1. {main}() /home/ubuntu/workspace/wp-admin/admin-ajax.php:0
[27-Jul-2017 03:34:24 UTC] PHP   2. do_action() /home/ubuntu/workspace/wp-admin/admin-ajax.php:91
[27-Jul-2017 03:34:24 UTC] PHP   3. WP_Hook->do_action() /home/ubuntu/workspace/wp-includes/plugin.php:453
[27-Jul-2017 03:34:24 UTC] PHP   4. WP_Hook->apply_filters() /home/ubuntu/workspace/wp-includes/class-wp-hook.php:323
[27-Jul-2017 03:34:24 UTC] PHP   5. call_user_func_array:{/home/ubuntu/workspace/wp-includes/class-wp-hook.php:298}() /home/ubuntu/workspace/wp-includes/class-wp-hook.php:298
[27-Jul-2017 03:34:24 UTC] PHP   6. Profile_Magic_Public->pm_messenger_notification_extra_data() /home/ubuntu/workspace/wp-includes/class-wp-hook.php:298
[27-Jul-2017 03:34:24 UTC] PHP   7. PM_Messenger->pm_messenger_notification_extra_data() /home/ubuntu/workspace/wp-content/plugins/profilegrid-user-profiles-groups-and-communities/public/class-profile-magic-public.php:714
[27-Jul-2017 03:34:24 UTC] PHP   8. PM_request->pm_filter_deleted_threads() /home/ubuntu/workspace/wp-content/plugins/profilegrid-user-profiles-groups-and-communities/includes/class-profile-magic-messenger.php:287
[27-Jul-2017 03:34:59 UTC] PHP Warning:  Invalid argument supplied for foreach() in /home/ubuntu/workspace/wp-content/plugins/profilegrid-user-profiles-groups-and-communities/includes/class-profile-magic-request.php on line 1574
[27-Jul-2017 03:34:59 UTC] PHP Stack trace:
[27-Jul-2017 03:34:59 UTC] PHP   1. {main}() /home/ubuntu/workspace/wp-admin/admin-ajax.php:0
[27-Jul-2017 03:34:59 UTC] PHP   2. do_action() /home/ubuntu/workspace/wp-admin/admin-ajax.php:91
[27-Jul-2017 03:34:59 UTC] PHP   3. WP_Hook->do_action() /home/ubuntu/workspace/wp-includes/plugin.php:453
[27-Jul-2017 03:34:59 UTC] PHP   4. WP_Hook->apply_filters() /home/ubuntu/workspace/wp-includes/class-wp-hook.php:323
[27-Jul-2017 03:34:59 UTC] PHP   5. call_user_func_array:{/home/ubuntu/workspace/wp-includes/class-wp-hook.php:298}() /home/ubuntu/workspace/wp-includes/class-wp-hook.php:298
[27-Jul-2017 03:34:59 UTC] PHP   6. Profile_Magic_Public->pm_messenger_notification_extra_data() /home/ubuntu/workspace/wp-includes/class-wp-hook.php:298
[27-Jul-2017 03:34:59 UTC] PHP   7. PM_Messenger->pm_messenger_notification_extra_data() /home/ubuntu/workspace/wp-content/plugins/profilegrid-user-profiles-groups-and-communities/public/class-profile-magic-public.php:714
[27-Jul-2017 03:34:59 UTC] PHP   8. PM_request->pm_filter_deleted_threads() /home/ubuntu/workspace/wp-content/plugins/profilegrid-user-profiles-groups-and-communities/includes/class-profile-magic-messenger.php:287
[27-Jul-2017 03:35:51 UTC] PHP Warning:  Invalid argument supplied for foreach() in /home/ubuntu/workspace/wp-content/plugins/profilegrid-user-profiles-groups-and-communities/admin/partials/add-group.php on line 426
[27-Jul-2017 03:35:51 UTC] PHP Stack trace:
[27-Jul-2017 03:35:51 UTC] PHP   1. {main}() /home/ubuntu/workspace/wp-admin/admin.php:0
[27-Jul-2017 03:35:51 UTC] PHP   2. do_action() /home/ubuntu/workspace/wp-admin/admin.php:222
[27-Jul-2017 03:35:51 UTC] PHP   3. WP_Hook->do_action() /home/ubuntu/workspace/wp-includes/plugin.php:453
[27-Jul-2017 03:35:51 UTC] PHP   4. WP_Hook->apply_filters() /home/ubuntu/workspace/wp-includes/class-wp-hook.php:323
[27-Jul-2017 03:35:51 UTC] PHP   5. call_user_func_array:{/home/ubuntu/workspace/wp-includes/class-wp-hook.php:298}() /home/ubuntu/workspace/wp-includes/class-wp-hook.php:298
[27-Jul-2017 03:35:51 UTC] PHP   6. Profile_Magic_Admin->pm_add_group() /home/ubuntu/workspace/wp-includes/class-wp-hook.php:298
[27-Jul-2017 03:35:51 UTC] PHP   7. include() /home/ubuntu/workspace/wp-content/plugins/profilegrid-user-profiles-groups-and-communities/admin/class-profile-magic-admin.php:279
[27-Jul-2017 03:35:51 UTC] PHP Warning:  Invalid argument supplied for foreach() in /home/ubuntu/workspace/wp-content/plugins/profilegrid-user-profiles-groups-and-communities/admin/partials/add-group.php on line 445
[27-Jul-2017 03:35:51 UTC] PHP Stack trace:
[27-Jul-2017 03:35:51 UTC] PHP   1. {main}() /home/ubuntu/workspace/wp-admin/admin.php:0
[27-Jul-2017 03:35:51 UTC] PHP   2. do_action() /home/ubuntu/workspace/wp-admin/admin.php:222
[27-Jul-2017 03:35:51 UTC] PHP   3. WP_Hook->do_action() /home/ubuntu/workspace/wp-includes/plugin.php:453
[27-Jul-2017 03:35:51 UTC] PHP   4. WP_Hook->apply_filters() /home/ubuntu/workspace/wp-includes/class-wp-hook.php:323
[27-Jul-2017 03:35:51 UTC] PHP   5. call_user_func_array:{/home/ubuntu/workspace/wp-includes/class-wp-hook.php:298}() /home/ubuntu/workspace/wp-includes/class-wp-hook.php:298
[27-Jul-2017 03:35:51 UTC] PHP   6. Profile_Magic_Admin->pm_add_group() /home/ubuntu/workspace/wp-includes/class-wp-hook.php:298
[27-Jul-2017 03:35:51 UTC] PHP   7. include() /home/ubuntu/workspace/wp-content/plugins/profilegrid-user-profiles-groups-and-communities/admin/class-profile-magic-admin.php:279
[27-Jul-2017 03:35:51 UTC] PHP Warning:  Invalid argument supplied for foreach() in /home/ubuntu/workspace/wp-content/plugins/profilegrid-user-profiles-groups-and-communities/admin/partials/add-group.php on line 464
[27-Jul-2017 03:35:51 UTC] PHP Stack trace:
[27-Jul-2017 03:35:51 UTC] PHP   1. {main}() /home/ubuntu/workspace/wp-admin/admin.php:0
[27-Jul-2017 03:35:51 UTC] PHP   2. do_action() /home/ubuntu/workspace/wp-admin/admin.php:222
[27-Jul-2017 03:35:51 UTC] PHP   3. WP_Hook->do_action() /home/ubuntu/workspace/wp-includes/plugin.php:453
[27-Jul-2017 03:35:51 UTC] PHP   4. WP_Hook->apply_filters() /home/ubuntu/workspace/wp-includes/class-wp-hook.php:323
[27-Jul-2017 03:35:51 UTC] PHP   5. call_user_func_array:{/home/ubuntu/workspace/wp-includes/class-wp-hook.php:298}() /home/ubuntu/workspace/wp-includes/class-wp-hook.php:298
[27-Jul-2017 03:35:51 UTC] PHP   6. Profile_Magic_Admin->pm_add_group() /home/ubuntu/workspace/wp-includes/class-wp-hook.php:298
[27-Jul-2017 03:35:51 UTC] PHP   7. include() /home/ubuntu/workspace/wp-content/plugins/profilegrid-user-profiles-groups-and-communities/admin/class-profile-magic-admin.php:279
[27-Jul-2017 03:35:51 UTC] PHP Warning:  Invalid argument supplied for foreach() in /home/ubuntu/workspace/wp-content/plugins/profilegrid-user-profiles-groups-and-communities/admin/partials/add-group.php on line 484
[27-Jul-2017 03:35:51 UTC] PHP Stack trace:
[27-Jul-2017 03:35:51 UTC] PHP   1. {main}() /home/ubuntu/workspace/wp-admin/admin.php:0
[27-Jul-2017 03:35:51 UTC] PHP   2. do_action() /home/ubuntu/workspace/wp-admin/admin.php:222
[27-Jul-2017 03:35:51 UTC] PHP   3. WP_Hook->do_action() /home/ubuntu/workspace/wp-includes/plugin.php:453
[27-Jul-2017 03:35:51 UTC] PHP   4. WP_Hook->apply_filters() /home/ubuntu/workspace/wp-includes/class-wp-hook.php:323
[27-Jul-2017 03:35:51 UTC] PHP   5. call_user_func_array:{/home/ubuntu/workspace/wp-includes/class-wp-hook.php:298}() /home/ubuntu/workspace/wp-includes/class-wp-hook.php:298
[27-Jul-2017 03:35:51 UTC] PHP   6. Profile_Magic_Admin->pm_add_group() /home/ubuntu/workspace/wp-includes/class-wp-hook.php:298
[27-Jul-2017 03:35:51 UTC] PHP   7. include() /home/ubuntu/workspace/wp-content/plugins/profilegrid-user-profiles-groups-and-communities/admin/class-profile-magic-admin.php:279
[27-Jul-2017 03:36:00 UTC] Erro de banco de dados do WordPress You have an error in your SQL syntax; check the manual that corresponds to your MySQL server version for the right syntax to use near 'and status=2 ORDER BY `id` DESC' at line 1 para a consulta SELECT user1,user2 FROM `wp_promag_friends` WHERE `user1` = 0 AND `status` = 2 or user2= and status=2 ORDER BY `id` DESC feita por do_action('wp_ajax_pm_fetch_my_friends'), WP_Hook->do_action, WP_Hook->apply_filters, call_user_func_array, Profile_Magic_Public->pm_fetch_my_friends, PM_HTML_Creator->pm_get_my_friends_html, PM_Friends_Functions->profile_magic_my_friends, PM_DBhandler->get_all_result
[27-Jul-2017 03:36:01 UTC] Erro de banco de dados do WordPress You have an error in your SQL syntax; check the manual that corresponds to your MySQL server version for the right syntax to use near 'and status=2 ORDER BY `id` DESC' at line 1 para a consulta SELECT user1,user2 FROM `wp_promag_friends` WHERE `user1` = 0 AND `status` = 2 or user2= and status=2 ORDER BY `id` DESC feita por do_action('wp_ajax_pm_fetch_friend_list_counter'), WP_Hook->do_action, WP_Hook->apply_filters, call_user_func_array, Profile_Magic_Public->pm_fetch_friend_list_counter, PM_Friends_Functions->pm_count_my_friends, PM_Friends_Functions->profile_magic_my_friends, PM_DBhandler->get_all_result
[27-Jul-2017 03:37:39 UTC] Erro de banco de dados do WordPress You have an error in your SQL syntax; check the manual that corresponds to your MySQL server version for the right syntax to use near 'and status=2 ORDER BY `id` DESC' at line 1 para a consulta SELECT user1,user2 FROM `wp_promag_friends` WHERE `user1` = 0 AND `status` = 2 or user2= and status=2 ORDER BY `id` DESC feita por do_action('wp_ajax_pm_fetch_my_friends'), WP_Hook->do_action, WP_Hook->apply_filters, call_user_func_array, Profile_Magic_Public->pm_fetch_my_friends, PM_HTML_Creator->pm_get_my_friends_html, PM_Friends_Functions->profile_magic_my_friends, PM_DBhandler->get_all_result
[27-Jul-2017 03:37:41 UTC] Erro de banco de dados do WordPress You have an error in your SQL syntax; check the manual that corresponds to your MySQL server version for the right syntax to use near 'and status=2 ORDER BY `id` DESC' at line 1 para a consulta SELECT user1,user2 FROM `wp_promag_friends` WHERE `user1` = 0 AND `status` = 2 or user2= and status=2 ORDER BY `id` DESC feita por do_action('wp_ajax_pm_fetch_friend_list_counter'), WP_Hook->do_action, WP_Hook->apply_filters, call_user_func_array, Profile_Magic_Public->pm_fetch_friend_list_counter, PM_Friends_Functions->pm_count_my_friends, PM_Friends_Functions->profile_magic_my_friends, PM_DBhandler->get_all_result
[27-Jul-2017 03:37:42 UTC] PHP Warning:  Invalid argument supplied for foreach() in /home/ubuntu/workspace/wp-content/plugins/profilegrid-user-profiles-groups-and-communities/includes/class-profile-magic-request.php on line 1574
[27-Jul-2017 03:37:42 UTC] PHP Stack trace:
[27-Jul-2017 03:37:42 UTC] PHP   1. {main}() /home/ubuntu/workspace/wp-admin/admin-ajax.php:0
[27-Jul-2017 03:37:42 UTC] PHP   2. do_action() /home/ubuntu/workspace/wp-admin/admin-ajax.php:91
[27-Jul-2017 03:37:42 UTC] PHP   3. WP_Hook->do_action() /home/ubuntu/workspace/wp-includes/plugin.php:453
[27-Jul-2017 03:37:42 UTC] PHP   4. WP_Hook->apply_filters() /home/ubuntu/workspace/wp-includes/class-wp-hook.php:323
[27-Jul-2017 03:37:42 UTC] PHP   5. call_user_func_array:{/home/ubuntu/workspace/wp-includes/class-wp-hook.php:298}() /home/ubuntu/workspace/wp-includes/class-wp-hook.php:298
[27-Jul-2017 03:37:42 UTC] PHP   6. Profile_Magic_Public->pm_messenger_notification_extra_data() /home/ubuntu/workspace/wp-includes/class-wp-hook.php:298
[27-Jul-2017 03:37:42 UTC] PHP   7. PM_Messenger->pm_messenger_notification_extra_data() /home/ubuntu/workspace/wp-content/plugins/profilegrid-user-profiles-groups-and-communities/public/class-profile-magic-public.php:714
[27-Jul-2017 03:37:42 UTC] PHP   8. PM_request->pm_filter_deleted_threads() /home/ubuntu/workspace/wp-content/plugins/profilegrid-user-profiles-groups-and-communities/includes/class-profile-magic-messenger.php:287
[27-Jul-2017 03:38:44 UTC] Erro de banco de dados do WordPress You have an error in your SQL syntax; check the manual that corresponds to your MySQL server version for the right syntax to use near 'and status=2 ORDER BY `id` DESC' at line 1 para a consulta SELECT user1,user2 FROM `wp_promag_friends` WHERE `user1` = 0 AND `status` = 2 or user2= and status=2 ORDER BY `id` DESC feita por do_action('wp_ajax_pm_fetch_my_friends'), WP_Hook->do_action, WP_Hook->apply_filters, call_user_func_array, Profile_Magic_Public->pm_fetch_my_friends, PM_HTML_Creator->pm_get_my_friends_html, PM_Friends_Functions->profile_magic_my_friends, PM_DBhandler->get_all_result
[27-Jul-2017 03:38:45 UTC] Erro de banco de dados do WordPress You have an error in your SQL syntax; check the manual that corresponds to your MySQL server version for the right syntax to use near 'and status=2 ORDER BY `id` DESC' at line 1 para a consulta SELECT user1,user2 FROM `wp_promag_friends` WHERE `user1` = 0 AND `status` = 2 or user2= and status=2 ORDER BY `id` DESC feita por do_action('wp_ajax_pm_fetch_friend_list_counter'), WP_Hook->do_action, WP_Hook->apply_filters, call_user_func_array, Profile_Magic_Public->pm_fetch_friend_list_counter, PM_Friends_Functions->pm_count_my_friends, PM_Friends_Functions->profile_magic_my_friends, PM_DBhandler->get_all_result
[27-Jul-2017 03:40:45 UTC] Erro de banco de dados do WordPress You have an error in your SQL syntax; check the manual that corresponds to your MySQL server version for the right syntax to use near 'and status=2 ORDER BY `id` DESC' at line 1 para a consulta SELECT user1,user2 FROM `wp_promag_friends` WHERE `user1` = 0 AND `status` = 2 or user2= and status=2 ORDER BY `id` DESC feita por do_action('wp_ajax_pm_fetch_my_friends'), WP_Hook->do_action, WP_Hook->apply_filters, call_user_func_array, Profile_Magic_Public->pm_fetch_my_friends, PM_HTML_Creator->pm_get_my_friends_html, PM_Friends_Functions->profile_magic_my_friends, PM_DBhandler->get_all_result
[27-Jul-2017 03:40:46 UTC] Erro de banco de dados do WordPress You have an error in your SQL syntax; check the manual that corresponds to your MySQL server version for the right syntax to use near 'and status=2 ORDER BY `id` DESC' at line 1 para a consulta SELECT user1,user2 FROM `wp_promag_friends` WHERE `user1` = 0 AND `status` = 2 or user2= and status=2 ORDER BY `id` DESC feita por do_action('wp_ajax_pm_fetch_friend_list_counter'), WP_Hook->do_action, WP_Hook->apply_filters, call_user_func_array, Profile_Magic_Public->pm_fetch_friend_list_counter, PM_Friends_Functions->pm_count_my_friends, PM_Friends_Functions->profile_magic_my_friends, PM_DBhandler->get_all_result
[27-Jul-2017 03:42:47 UTC] Erro de banco de dados do WordPress You have an error in your SQL syntax; check the manual that corresponds to your MySQL server version for the right syntax to use near 'and status=2 ORDER BY `id` DESC' at line 1 para a consulta SELECT user1,user2 FROM `wp_promag_friends` WHERE `user1` = 0 AND `status` = 2 or user2= and status=2 ORDER BY `id` DESC feita por do_action('wp_ajax_pm_fetch_my_friends'), WP_Hook->do_action, WP_Hook->apply_filters, call_user_func_array, Profile_Magic_Public->pm_fetch_my_friends, PM_HTML_Creator->pm_get_my_friends_html, PM_Friends_Functions->profile_magic_my_friends, PM_DBhandler->get_all_result
[27-Jul-2017 03:42:48 UTC] Erro de banco de dados do WordPress You have an error in your SQL syntax; check the manual that corresponds to your MySQL server version for the right syntax to use near 'and status=2 ORDER BY `id` DESC' at line 1 para a consulta SELECT user1,user2 FROM `wp_promag_friends` WHERE `user1` = 0 AND `status` = 2 or user2= and status=2 ORDER BY `id` DESC feita por do_action('wp_ajax_pm_fetch_friend_list_counter'), WP_Hook->do_action, WP_Hook->apply_filters, call_user_func_array, Profile_Magic_Public->pm_fetch_friend_list_counter, PM_Friends_Functions->pm_count_my_friends, PM_Friends_Functions->profile_magic_my_friends, PM_DBhandler->get_all_result
[27-Jul-2017 03:43:42 UTC] PHP Warning:  Invalid argument supplied for foreach() in /home/ubuntu/workspace/wp-content/plugins/profilegrid-user-profiles-groups-and-communities/includes/class-profile-magic-request.php on line 1574
[27-Jul-2017 03:43:42 UTC] PHP Stack trace:
[27-Jul-2017 03:43:42 UTC] PHP   1. {main}() /home/ubuntu/workspace/wp-admin/admin-ajax.php:0
[27-Jul-2017 03:43:42 UTC] PHP   2. do_action() /home/ubuntu/workspace/wp-admin/admin-ajax.php:91
[27-Jul-2017 03:43:42 UTC] PHP   3. WP_Hook->do_action() /home/ubuntu/workspace/wp-includes/plugin.php:453
[27-Jul-2017 03:43:42 UTC] PHP   4. WP_Hook->apply_filters() /home/ubuntu/workspace/wp-includes/class-wp-hook.php:323
[27-Jul-2017 03:43:42 UTC] PHP   5. call_user_func_array:{/home/ubuntu/workspace/wp-includes/class-wp-hook.php:298}() /home/ubuntu/workspace/wp-includes/class-wp-hook.php:298
[27-Jul-2017 03:43:42 UTC] PHP   6. Profile_Magic_Public->pm_messenger_notification_extra_data() /home/ubuntu/workspace/wp-includes/class-wp-hook.php:298
[27-Jul-2017 03:43:42 UTC] PHP   7. PM_Messenger->pm_messenger_notification_extra_data() /home/ubuntu/workspace/wp-content/plugins/profilegrid-user-profiles-groups-and-communities/public/class-profile-magic-public.php:714
[27-Jul-2017 03:43:42 UTC] PHP   8. PM_request->pm_filter_deleted_threads() /home/ubuntu/workspace/wp-content/plugins/profilegrid-user-profiles-groups-and-communities/includes/class-profile-magic-messenger.php:287
[27-Jul-2017 03:44:43 UTC] Erro de banco de dados do WordPress You have an error in your SQL syntax; check the manual that corresponds to your MySQL server version for the right syntax to use near 'and status=2 ORDER BY `id` DESC' at line 1 para a consulta SELECT user1,user2 FROM `wp_promag_friends` WHERE `user1` = 0 AND `status` = 2 or user2= and status=2 ORDER BY `id` DESC feita por do_action('wp_ajax_pm_fetch_my_friends'), WP_Hook->do_action, WP_Hook->apply_filters, call_user_func_array, Profile_Magic_Public->pm_fetch_my_friends, PM_HTML_Creator->pm_get_my_friends_html, PM_Friends_Functions->profile_magic_my_friends, PM_DBhandler->get_all_result
[27-Jul-2017 03:44:44 UTC] Erro de banco de dados do WordPress You have an error in your SQL syntax; check the manual that corresponds to your MySQL server version for the right syntax to use near 'and status=2 ORDER BY `id` DESC' at line 1 para a consulta SELECT user1,user2 FROM `wp_promag_friends` WHERE `user1` = 0 AND `status` = 2 or user2= and status=2 ORDER BY `id` DESC feita por do_action('wp_ajax_pm_fetch_friend_list_counter'), WP_Hook->do_action, WP_Hook->apply_filters, call_user_func_array, Profile_Magic_Public->pm_fetch_friend_list_counter, PM_Friends_Functions->pm_count_my_friends, PM_Friends_Functions->profile_magic_my_friends, PM_DBhandler->get_all_result
[27-Jul-2017 03:45:11 UTC] PHP Warning:  Invalid argument supplied for foreach() in /home/ubuntu/workspace/wp-content/plugins/profilegrid-user-profiles-groups-and-communities/includes/class-profile-magic-request.php on line 1574
[27-Jul-2017 03:45:11 UTC] PHP Stack trace:
[27-Jul-2017 03:45:11 UTC] PHP   1. {main}() /home/ubuntu/workspace/wp-admin/admin-ajax.php:0
[27-Jul-2017 03:45:11 UTC] PHP   2. do_action() /home/ubuntu/workspace/wp-admin/admin-ajax.php:91
[27-Jul-2017 03:45:11 UTC] PHP   3. WP_Hook->do_action() /home/ubuntu/workspace/wp-includes/plugin.php:453
[27-Jul-2017 03:45:11 UTC] PHP   4. WP_Hook->apply_filters() /home/ubuntu/workspace/wp-includes/class-wp-hook.php:323
[27-Jul-2017 03:45:11 UTC] PHP   5. call_user_func_array:{/home/ubuntu/workspace/wp-includes/class-wp-hook.php:298}() /home/ubuntu/workspace/wp-includes/class-wp-hook.php:298
[27-Jul-2017 03:45:11 UTC] PHP   6. Profile_Magic_Public->pm_messenger_notification_extra_data() /home/ubuntu/workspace/wp-includes/class-wp-hook.php:298
[27-Jul-2017 03:45:11 UTC] PHP   7. PM_Messenger->pm_messenger_notification_extra_data() /home/ubuntu/workspace/wp-content/plugins/profilegrid-user-profiles-groups-and-communities/public/class-profile-magic-public.php:714
[27-Jul-2017 03:45:11 UTC] PHP   8. PM_request->pm_filter_deleted_threads() /home/ubuntu/workspace/wp-content/plugins/profilegrid-user-profiles-groups-and-communities/includes/class-profile-magic-messenger.php:287
[27-Jul-2017 03:45:46 UTC] PHP Warning:  Invalid argument supplied for foreach() in /home/ubuntu/workspace/wp-content/plugins/profilegrid-user-profiles-groups-and-communities/includes/class-profile-magic-request.php on line 1574
[27-Jul-2017 03:45:46 UTC] PHP Stack trace:
[27-Jul-2017 03:45:46 UTC] PHP   1. {main}() /home/ubuntu/workspace/wp-admin/admin-ajax.php:0
[27-Jul-2017 03:45:46 UTC] PHP   2. do_action() /home/ubuntu/workspace/wp-admin/admin-ajax.php:91
[27-Jul-2017 03:45:46 UTC] PHP   3. WP_Hook->do_action() /home/ubuntu/workspace/wp-includes/plugin.php:453
[27-Jul-2017 03:45:46 UTC] PHP   4. WP_Hook->apply_filters() /home/ubuntu/workspace/wp-includes/class-wp-hook.php:323
[27-Jul-2017 03:45:46 UTC] PHP   5. call_user_func_array:{/home/ubuntu/workspace/wp-includes/class-wp-hook.php:298}() /home/ubuntu/workspace/wp-includes/class-wp-hook.php:298
[27-Jul-2017 03:45:46 UTC] PHP   6. Profile_Magic_Public->pm_messenger_notification_extra_data() /home/ubuntu/workspace/wp-includes/class-wp-hook.php:298
[27-Jul-2017 03:45:46 UTC] PHP   7. PM_Messenger->pm_messenger_notification_extra_data() /home/ubuntu/workspace/wp-content/plugins/profilegrid-user-profiles-groups-and-communities/public/class-profile-magic-public.php:714
[27-Jul-2017 03:45:46 UTC] PHP   8. PM_request->pm_filter_deleted_threads() /home/ubuntu/workspace/wp-content/plugins/profilegrid-user-profiles-groups-and-communities/includes/class-profile-magic-messenger.php:287
[27-Jul-2017 03:46:15 UTC] Erro de banco de dados do WordPress You have an error in your SQL syntax; check the manual that corresponds to your MySQL server version for the right syntax to use near 'and status=2 ORDER BY `id` DESC' at line 1 para a consulta SELECT user1,user2 FROM `wp_promag_friends` WHERE `user1` = 0 AND `status` = 2 or user2= and status=2 ORDER BY `id` DESC feita por do_action('wp_ajax_pm_fetch_my_friends'), WP_Hook->do_action, WP_Hook->apply_filters, call_user_func_array, Profile_Magic_Public->pm_fetch_my_friends, PM_HTML_Creator->pm_get_my_friends_html, PM_Friends_Functions->profile_magic_my_friends, PM_DBhandler->get_all_result
[27-Jul-2017 03:46:16 UTC] Erro de banco de dados do WordPress You have an error in your SQL syntax; check the manual that corresponds to your MySQL server version for the right syntax to use near 'and status=2 ORDER BY `id` DESC' at line 1 para a consulta SELECT user1,user2 FROM `wp_promag_friends` WHERE `user1` = 0 AND `status` = 2 or user2= and status=2 ORDER BY `id` DESC feita por do_action('wp_ajax_pm_fetch_friend_list_counter'), WP_Hook->do_action, WP_Hook->apply_filters, call_user_func_array, Profile_Magic_Public->pm_fetch_friend_list_counter, PM_Friends_Functions->pm_count_my_friends, PM_Friends_Functions->profile_magic_my_friends, PM_DBhandler->get_all_result
[29-Jul-2017 15:19:52 UTC] Erro de banco de dados do WordPress Unknown column 'huge_it_loadDate' in 'field list' para a consulta SELECT `huge_it_loadDate` FROM `wp_huge_itportfolio_images` feita por activate_plugin, do_action('activate_portfolio-gallery/portfolio-gallery.php'), WP_Hook->do_action, WP_Hook->apply_filters, call_user_func_array, Portfolio_Gallery_Install::install, Portfolio_Gallery_Install::create_tables
[31-Jul-2017 03:21:22 UTC] PHP Warning:  Missing argument 1 for EasyTimetableViewCreate::__construct(), called in /home/ubuntu/workspace/wp-content/plugins/easytimetable-responsive-schedule-management-system/admin/controller/EasyTimetableControllerCreate.php on line 44 and defined in /home/ubuntu/workspace/wp-content/plugins/easytimetable-responsive-schedule-management-system/admin/views/EasyTimetableViewCreate.php on line 17
[31-Jul-2017 03:21:22 UTC] PHP Stack trace:
[31-Jul-2017 03:21:22 UTC] PHP   1. {main}() /home/ubuntu/workspace/wp-admin/admin-ajax.php:0
[31-Jul-2017 03:21:22 UTC] PHP   2. do_action() /home/ubuntu/workspace/wp-admin/admin-ajax.php:91
[31-Jul-2017 03:21:22 UTC] PHP   3. WP_Hook->do_action() /home/ubuntu/workspace/wp-includes/plugin.php:453
[31-Jul-2017 03:21:22 UTC] PHP   4. WP_Hook->apply_filters() /home/ubuntu/workspace/wp-includes/class-wp-hook.php:323
[31-Jul-2017 03:21:22 UTC] PHP   5. call_user_func_array:{/home/ubuntu/workspace/wp-includes/class-wp-hook.php:298}() /home/ubuntu/workspace/wp-includes/class-wp-hook.php:298
[31-Jul-2017 03:21:22 UTC] PHP   6. syet_save_planning() /home/ubuntu/workspace/wp-includes/class-wp-hook.php:298
[31-Jul-2017 03:21:22 UTC] PHP   7. Easy_Timetable_Admin::syet_saveTimetable() /home/ubuntu/workspace/wp-content/plugins/easytimetable-responsive-schedule-management-system/easy-timetable.php:279
[31-Jul-2017 03:21:22 UTC] PHP   8. EasyTimetableControllerCreate::syet_saveTimetable() /home/ubuntu/workspace/wp-content/plugins/easytimetable-responsive-schedule-management-system/admin/class-easy-timetable-admin.php:86
[31-Jul-2017 03:21:22 UTC] PHP   9. EasyTimetableViewCreate->__construct() /home/ubuntu/workspace/wp-content/plugins/easytimetable-responsive-schedule-management-system/admin/controller/EasyTimetableControllerCreate.php:44
[12-Aug-2017 21:58:43 UTC] [ Base_MixpanelBase - line 76 ] : Using token: 6fe8d87bb7308ab9accf8ac8c04ac962
[12-Aug-2017 21:58:43 UTC] [ Base_MixpanelBase - line 173 ] : Using consumer: curl -> ConsumerStrategies_CurlConsumer
[12-Aug-2017 21:58:43 UTC] [ Base_MixpanelBase - line 18 ] : Instantiated new Consumer
[12-Aug-2017 21:58:43 UTC] [ Base_MixpanelBase - line 76 ] : Using token: 6fe8d87bb7308ab9accf8ac8c04ac962
[12-Aug-2017 21:58:43 UTC] [ Base_MixpanelBase - line 173 ] : Using consumer: curl -> ConsumerStrategies_CurlConsumer
[12-Aug-2017 21:58:43 UTC] [ Base_MixpanelBase - line 18 ] : Instantiated new Consumer
[12-Aug-2017 21:58:43 UTC] [ Base_MixpanelBase - line 194 ] : Queued message: {"event":"Welcome Show","properties":{"mp_lib":"php","token":"6fe8d87bb7308ab9accf8ac8c04ac962","time":1502575123}}
